# JRE version: Java(TM) SE Runtime Environment (7.0_71-b14) (build 1.7.0_71-b14)
# Java VM: Java HotSpot(TM) 64-Bit Server VM (24.71-b01 mixed mode bsd-amd64 compressed oops)
Heap
 PSYoungGen      total 690688K, used 690229K [0x00000007d5500000, 0x0000000800000000, 0x0000000800000000)
  eden space 681984K, 99% used [0x00000007d5500000,0x00000007feeed488,0x00000007fef00000)
  from space 8704K, 95% used [0x00000007fef00000,0x00000007ff720100,0x00000007ff780000)
  to   space 8704K, 0% used [0x00000007ff780000,0x00000007ff780000,0x0000000800000000)
 ParOldGen       total 628224K, used 753106K [0x0000000780000000, 0x00000007a6580000, 0x00000007d5500000)
  object space 628224K, 119% used [0x0000000780000000,0x00000007adf748a8,0x00000007a6580000)
 PSPermGen       total 21504K, used 10624K [0x000000077ae00000, 0x000000077c300000, 0x0000000780000000)
  object space 21504K, 49% used [0x000000077ae00000,0x000000077b860350,0x000000077c300000)
GC Heap History (10 events):
Event: 9.147 GC heap after
Heap after GC invocations=14 (full 0):
 PSYoungGen      total 553984K, used 3856K [0x00000007d5500000, 0x00000007f7a00000, 0x0000000800000000)
  eden space 545792K, 0% used [0x00000007d5500000,0x00000007d5500000,0x00000007f6a00000)
  from space 8192K, 47% used [0x00000007f7200000,0x00000007f75c4030,0x00000007f7a00000)
  to   space 8192K, 0% used [0x00000007f6a00000,0x00000007f6a00000,0x00000007f7200000)
 ParOldGen       total 87040K, used 13121K [0x0000000780000000, 0x0000000785500000, 0x00000007d5500000)
  object space 87040K, 15% used [0x0000000780000000,0x0000000780cd0620,0x0000000785500000)
 PSPermGen       total 21504K, used 10513K [0x000000077ae00000, 0x000000077c300000, 0x0000000780000000)
  object space 21504K, 48% used [0x000000077ae00000,0x000000077b844520,0x000000077c300000)
}
Event: 10.141 GC heap before
{Heap before GC invocations=15 (full 0):
 PSYoungGen      total 553984K, used 549648K [0x00000007d5500000, 0x00000007f7a00000, 0x0000000800000000)
  eden space 545792K, 100% used [0x00000007d5500000,0x00000007f6a00000,0x00000007f6a00000)
  from space 8192K, 47% used [0x00000007f7200000,0x00000007f75c4030,0x00000007f7a00000)
  to   space 8192K, 0% used [0x00000007f6a00000,0x00000007f6a00000,0x00000007f7200000)
 ParOldGen       total 87040K, used 13121K [0x0000000780000000, 0x0000000785500000, 0x00000007d5500000)
  object space 87040K, 15% used [0x0000000780000000,0x0000000780cd0620,0x0000000785500000)
 PSPermGen       total 21504K, used 10543K [0x000000077ae00000, 0x000000077c300000, 0x0000000780000000)
  object space 21504K, 49% used [0x000000077ae00000,0x000000077b84be10,0x000000077c300000)
Event: 10.145 GC heap after
Heap after GC invocations=15 (full 0):
 PSYoungGen      total 553984K, used 4456K [0x00000007d5500000, 0x00000007fff00000, 0x0000000800000000)
  eden space 545792K, 0% used [0x00000007d5500000,0x00000007d5500000,0x00000007f6a00000)
  from space 8192K, 54% used [0x00000007f6a00000,0x00000007f6e5a078,0x00000007f7200000)
  to   space 7680K, 0% used [0x00000007ff780000,0x00000007ff780000,0x00000007fff00000)
 ParOldGen       total 87040K, used 13233K [0x0000000780000000, 0x0000000785500000, 0x00000007d5500000)
  object space 87040K, 15% used [0x0000000780000000,0x0000000780cec620,0x0000000785500000)
 PSPermGen       total 21504K, used 10543K [0x000000077ae00000, 0x000000077c300000, 0x0000000780000000)
  object space 21504K, 49% used [0x000000077ae00000,0x000000077b84be10,0x000000077c300000)
}
Event: 12.702 GC heap before
{Heap before GC invocations=16 (full 0):
 PSYoungGen      total 553984K, used 550176K [0x00000007d5500000, 0x00000007fff00000, 0x0000000800000000)
  eden space 545792K, 99% used [0x00000007d5500000,0x00000007f69ee0b8,0x00000007f6a00000)
  from space 8192K, 54% used [0x00000007f6a00000,0x00000007f6e5a078,0x00000007f7200000)
  to   space 7680K, 0% used [0x00000007ff780000,0x00000007ff780000,0x00000007fff00000)
 ParOldGen       total 87040K, used 13233K [0x0000000780000000, 0x0000000785500000, 0x00000007d5500000)
  object space 87040K, 15% used [0x0000000780000000,0x0000000780cec620,0x0000000785500000)
 PSPermGen       total 21504K, used 10628K [0x000000077ae00000, 0x000000077c300000, 0x0000000780000000)
  object space 21504K, 49% used [0x000000077ae00000,0x000000077b861128,0x000000077c300000)
Event: 12.787 GC heap after
Heap after GC invocations=16 (full 0):
 PSYoungGen      total 689664K, used 7616K [0x00000007d5500000, 0x0000000800000000, 0x0000000800000000)
  eden space 681984K, 0% used [0x00000007d5500000,0x00000007d5500000,0x00000007fef00000)
  from space 7680K, 99% used [0x00000007ff780000,0x00000007ffef00e0,0x00000007fff00000)
  to   space 8704K, 0% used [0x00000007fef00000,0x00000007fef00000,0x00000007ff780000)
 ParOldGen       total 87040K, used 86587K [0x0000000780000000, 0x0000000785500000, 0x00000007d5500000)
  object space 87040K, 99% used [0x0000000780000000,0x000000078548eed0,0x0000000785500000)
 PSPermGen       total 21504K, used 10628K [0x000000077ae00000, 0x000000077c300000, 0x0000000780000000)
  object space 21504K, 49% used [0x000000077ae00000,0x000000077b861128,0x000000077c300000)
}
Event: 12.787 GC heap before
{Heap before GC invocations=17 (full 1):
 PSYoungGen      total 689664K, used 7616K [0x00000007d5500000, 0x0000000800000000, 0x0000000800000000)
  eden space 681984K, 0% used [0x00000007d5500000,0x00000007d5500000,0x00000007fef00000)
  from space 7680K, 99% used [0x00000007ff780000,0x00000007ffef00e0,0x00000007fff00000)
  to   space 8704K, 0% used [0x00000007fef00000,0x00000007fef00000,0x00000007ff780000)
 ParOldGen       total 87040K, used 86587K [0x0000000780000000, 0x0000000785500000, 0x00000007d5500000)
  object space 87040K, 99% used [0x0000000780000000,0x000000078548eed0,0x0000000785500000)
 PSPermGen       total 21504K, used 10628K [0x000000077ae00000, 0x000000077c300000, 0x0000000780000000)
  object space 21504K, 49% used [0x000000077ae00000,0x000000077b861128,0x000000077c300000)
Event: 12.887 GC heap after
Heap after GC invocations=17 (full 1):
 PSYoungGen      total 689664K, used 0K [0x00000007d5500000, 0x0000000800000000, 0x0000000800000000)
  eden space 681984K, 0% used [0x00000007d5500000,0x00000007d5500000,0x00000007fef00000)
  from space 7680K, 0% used [0x00000007ff780000,0x00000007ff780000,0x00000007fff00000)
  to   space 8704K, 0% used [0x00000007fef00000,0x00000007fef00000,0x00000007ff780000)
 ParOldGen       total 155136K, used 79805K [0x0000000780000000, 0x0000000789780000, 0x00000007d5500000)
  object space 155136K, 51% used [0x0000000780000000,0x0000000784def678,0x0000000789780000)
 PSPermGen       total 21504K, used 10623K [0x000000077ae00000, 0x000000077c300000, 0x0000000780000000)
  object space 21504K, 49% used [0x000000077ae00000,0x000000077b85ffa0,0x000000077c300000)
}
Event: 13.235 GC heap before
{Heap before GC invocations=18 (full 1):
 PSYoungGen      total 689664K, used 681722K [0x00000007d5500000, 0x0000000800000000, 0x0000000800000000)
  eden space 681984K, 99% used [0x00000007d5500000,0x00000007feebeac8,0x00000007fef00000)
  from space 7680K, 0% used [0x00000007ff780000,0x00000007ff780000,0x00000007fff00000)
  to   space 8704K, 0% used [0x00000007fef00000,0x00000007fef00000,0x00000007ff780000)
 ParOldGen       total 155136K, used 79805K [0x0000000780000000, 0x0000000789780000, 0x00000007d5500000)
  object space 155136K, 51% used [0x0000000780000000,0x0000000784def678,0x0000000789780000)
 PSPermGen       total 21504K, used 10624K [0x000000077ae00000, 0x000000077c300000, 0x0000000780000000)
  object space 21504K, 49% used [0x000000077ae00000,0x000000077b860350,0x000000077c300000)
Event: 13.674 GC heap after
Heap after GC invocations=18 (full 1):
 PSYoungGen      total 690688K, used 8320K [0x00000007d5500000, 0x0000000800000000, 0x0000000800000000)
  eden space 681984K, 0% used [0x00000007d5500000,0x00000007d5500000,0x00000007fef00000)
  from space 8704K, 95% used [0x00000007fef00000,0x00000007ff720100,0x00000007ff780000)
  to   space 8704K, 0% used [0x00000007ff780000,0x00000007ff780000,0x0000000800000000)
 ParOldGen       total 628224K, used 753106K [0x0000000780000000, 0x00000007a6580000, 0x00000007d5500000)
  object space 628224K, 119% used [0x0000000780000000,0x00000007adf748a8,0x00000007a6580000)
 PSPermGen       total 21504K, used 10624K [0x000000077ae00000, 0x000000077c300000, 0x0000000780000000)
  object space 21504K, 49% used [0x000000077ae00000,0x000000077b860350,0x000000077c300000)
}
Event: 13.788 GC heap before
{Heap before GC invocations=19 (full 1):
 PSYoungGen      total 690688K, used 690229K [0x00000007d5500000, 0x0000000800000000, 0x0000000800000000)
  eden space 681984K, 99% used [0x00000007d5500000,0x00000007feeed488,0x00000007fef00000)
  from space 8704K, 95% used [0x00000007fef00000,0x00000007ff720100,0x00000007ff780000)
  to   space 8704K, 0% used [0x00000007ff780000,0x00000007ff780000,0x0000000800000000)
 ParOldGen       total 628224K, used 753106K [0x0000000780000000, 0x00000007a6580000, 0x00000007d5500000)
  object space 628224K, 119% used [0x0000000780000000,0x00000007adf748a8,0x00000007a6580000)
 PSPermGen       total 21504K, used 10624K [0x000000077ae00000, 0x000000077c300000, 0x0000000780000000)
  object space 21504K, 49% used [0x000000077ae00000,0x000000077b860350,0x000000077c300000)

